<?xml version="1.0" encoding="UTF-8"?>
<testng-results skipped="0" failed="1" total="4" passed="3">
  <reporter-output>
  </reporter-output>
  <suite name="Suite" duration-ms="29131" started-at="2017-09-13T07:59:02Z" finished-at="2017-09-13T07:59:32Z">
    <groups>
    </groups>
    <test name="Validating Title" duration-ms="8755" started-at="2017-09-13T07:59:02Z" finished-at="2017-09-13T07:59:11Z">
      <class name="Academy.validateTitle">
        <test-method status="PASS" signature="initialize()[pri:0, instance:Academy.validateTitle@3857f613]" name="initialize" is-config="true" duration-ms="8349" started-at="2017-09-13T08:59:02Z" finished-at="2017-09-13T08:59:11Z">
          <reporter-output>
          </reporter-output>
        </test-method> <!-- initialize -->
        <test-method status="FAIL" signature="basepageNavigation()[pri:0, instance:Academy.validateTitle@3857f613]" name="basepageNavigation" duration-ms="137" started-at="2017-09-13T08:59:11Z" finished-at="2017-09-13T08:59:11Z">
          <exception class="java.lang.AssertionError">
            <message>
              <![CDATA[expected [FEATURED COURSES123] but found [FEATURED COURSES]]]>
            </message>
            <full-stacktrace>
              <![CDATA[java.lang.AssertionError: expected [FEATURED COURSES123] but found [FEATURED COURSES]
	at org.testng.Assert.fail(Assert.java:94)
	at org.testng.Assert.failNotEquals(Assert.java:494)
	at org.testng.Assert.assertEquals(Assert.java:123)
	at org.testng.Assert.assertEquals(Assert.java:176)
	at org.testng.Assert.assertEquals(Assert.java:186)
	at Academy.validateTitle.basepageNavigation(validateTitle.java:35)
	at sun.reflect.NativeMethodAccessorImpl.invoke0(Native Method)
	at sun.reflect.NativeMethodAccessorImpl.invoke(NativeMethodAccessorImpl.java:62)
	at sun.reflect.DelegatingMethodAccessorImpl.invoke(DelegatingMethodAccessorImpl.java:43)
	at java.lang.reflect.Method.invoke(Method.java:498)
	at org.testng.internal.MethodInvocationHelper.invokeMethod(MethodInvocationHelper.java:80)
	at org.testng.internal.Invoker.invokeMethod(Invoker.java:714)
	at org.testng.internal.Invoker.invokeTestMethod(Invoker.java:901)
	at org.testng.internal.Invoker.invokeTestMethods(Invoker.java:1231)
	at org.testng.internal.TestMethodWorker.invokeTestMethods(TestMethodWorker.java:127)
	at org.testng.internal.TestMethodWorker.run(TestMethodWorker.java:111)
	at org.testng.TestRunner.privateRun(TestRunner.java:767)
	at org.testng.TestRunner.run(TestRunner.java:617)
	at org.testng.SuiteRunner.runTest(SuiteRunner.java:334)
	at org.testng.SuiteRunner.runSequentially(SuiteRunner.java:329)
	at org.testng.SuiteRunner.privateRun(SuiteRunner.java:291)
	at org.testng.SuiteRunner.run(SuiteRunner.java:240)
	at org.testng.SuiteRunnerWorker.runSuite(SuiteRunnerWorker.java:52)
	at org.testng.SuiteRunnerWorker.run(SuiteRunnerWorker.java:86)
	at org.testng.TestNG.runSuitesSequentially(TestNG.java:1198)
	at org.testng.TestNG.runSuitesLocally(TestNG.java:1123)
	at org.testng.TestNG.run(TestNG.java:1031)
	at org.apache.maven.surefire.testng.TestNGExecutor.run(TestNGExecutor.java:283)
	at org.apache.maven.surefire.testng.TestNGXmlTestSuite.execute(TestNGXmlTestSuite.java:75)
	at org.apache.maven.surefire.testng.TestNGProvider.invoke(TestNGProvider.java:120)
	at org.apache.maven.surefire.booter.ForkedBooter.invokeProviderInSameClassLoader(ForkedBooter.java:386)
	at org.apache.maven.surefire.booter.ForkedBooter.runSuitesInProcess(ForkedBooter.java:323)
	at org.apache.maven.surefire.booter.ForkedBooter.main(ForkedBooter.java:143)
]]>
            </full-stacktrace>
          </exception> <!-- java.lang.AssertionError -->
          <reporter-output>
          </reporter-output>
        </test-method> <!-- basepageNavigation -->
        <test-method status="PASS" signature="teardown()[pri:0, instance:Academy.validateTitle@3857f613]" name="teardown" is-config="true" duration-ms="15" started-at="2017-09-13T08:59:11Z" finished-at="2017-09-13T08:59:11Z">
          <reporter-output>
          </reporter-output>
        </test-method> <!-- teardown -->
      </class> <!-- Academy.validateTitle -->
    </test> <!-- Validating Title -->
    <test name="Testing HomePage" duration-ms="16488" started-at="2017-09-13T07:59:11Z" finished-at="2017-09-13T07:59:28Z">
      <class name="Academy.HomePage">
        <test-method status="PASS" signature="initialize()[pri:0, instance:Academy.HomePage@d35dea7]" name="initialize" is-config="true" duration-ms="2102" started-at="2017-09-13T08:59:11Z" finished-at="2017-09-13T08:59:13Z">
          <reporter-output>
          </reporter-output>
        </test-method> <!-- initialize -->
        <test-method status="PASS" signature="basepageNavigation(java.lang.String, java.lang.String, java.lang.String)[pri:0, instance:Academy.HomePage@d35dea7]" name="basepageNavigation" duration-ms="7426" started-at="2017-09-13T08:59:13Z" data-provider="getData" finished-at="2017-09-13T08:59:21Z">
          <params>
            <param index="0">
              <value>
                <![CDATA[nonrestricted@user.com]]>
              </value>
            </param>
            <param index="1">
              <value>
                <![CDATA[123456]]>
              </value>
            </param>
            <param index="2">
              <value>
                <![CDATA[restricted user]]>
              </value>
            </param>
          </params>
          <reporter-output>
          </reporter-output>
        </test-method> <!-- basepageNavigation -->
        <test-method status="PASS" signature="basepageNavigation(java.lang.String, java.lang.String, java.lang.String)[pri:0, instance:Academy.HomePage@d35dea7]" name="basepageNavigation" duration-ms="6644" started-at="2017-09-13T08:59:21Z" data-provider="getData" finished-at="2017-09-13T08:59:27Z">
          <params>
            <param index="0">
              <value>
                <![CDATA[Restricteduser@user.com]]>
              </value>
            </param>
            <param index="1">
              <value>
                <![CDATA[654321]]>
              </value>
            </param>
            <param index="2">
              <value>
                <![CDATA[Nonrestricred user]]>
              </value>
            </param>
          </params>
          <reporter-output>
          </reporter-output>
        </test-method> <!-- basepageNavigation -->
        <test-method status="PASS" signature="teardown()[pri:0, instance:Academy.HomePage@d35dea7]" name="teardown" is-config="true" duration-ms="315" started-at="2017-09-13T08:59:27Z" finished-at="2017-09-13T08:59:28Z">
          <reporter-output>
          </reporter-output>
        </test-method> <!-- teardown -->
      </class> <!-- Academy.HomePage -->
    </test> <!-- Testing HomePage -->
    <test name="Validating NavBar" duration-ms="3756" started-at="2017-09-13T07:59:28Z" finished-at="2017-09-13T07:59:32Z">
      <class name="Academy.validatenavigationBar">
        <test-method status="PASS" signature="initialize()[pri:0, instance:Academy.validatenavigationBar@6c40365c]" name="initialize" is-config="true" duration-ms="3493" started-at="2017-09-13T08:59:28Z" finished-at="2017-09-13T08:59:31Z">
          <reporter-output>
          </reporter-output>
        </test-method> <!-- initialize -->
        <test-method status="PASS" signature="basepageNavigation()[pri:0, instance:Academy.validatenavigationBar@6c40365c]" name="basepageNavigation" duration-ms="249" started-at="2017-09-13T08:59:31Z" finished-at="2017-09-13T08:59:32Z">
          <reporter-output>
          </reporter-output>
        </test-method> <!-- basepageNavigation -->
        <test-method status="PASS" signature="teardown()[pri:0, instance:Academy.validatenavigationBar@6c40365c]" name="teardown" is-config="true" duration-ms="13" started-at="2017-09-13T08:59:32Z" finished-at="2017-09-13T08:59:32Z">
          <reporter-output>
          </reporter-output>
        </test-method> <!-- teardown -->
      </class> <!-- Academy.validatenavigationBar -->
    </test> <!-- Validating NavBar -->
  </suite> <!-- Suite -->
</testng-results>
